\BOOKMARK [0][]{section*.2}{\376\377\000D\000\351\000d\000i\000c\000a\000c\000e\000s}{}% 1
\BOOKMARK [0][]{section*.4}{\376\377\000R\000e\000m\000e\000r\000c\000i\000e\000m\000e\000n\000t\000s}{}% 2
\BOOKMARK [0][]{section*.6}{\376\377\000L\000i\000s\000t\000e\000\040\000d\000e\000s\000\040\000s\000i\000g\000l\000e\000s\000\040\000e\000t\000\040\000a\000b\000r\000\351\000v\000i\000a\000t\000i\000o\000n\000s}{}% 3
\BOOKMARK [0][]{section*.8}{\376\377\000A\000v\000a\000n\000t\000-\000p\000r\000o\000p\000o\000s}{}% 4
\BOOKMARK [0][]{section*.10}{\376\377\000R\000\351\000s\000u\000m\000\351}{}% 5
\BOOKMARK [0][]{section*.12}{\376\377\000A\000b\000s\000t\000r\000a\000c\000t}{}% 6
\BOOKMARK [0][]{chapter*.14}{\376\377\000L\000i\000s\000t\000e\000\040\000d\000e\000s\000\040\000f\000i\000g\000u\000r\000e\000s}{}% 7
\BOOKMARK [0][]{chapter*.15}{\376\377\000L\000i\000s\000t\000e\000\040\000d\000e\000s\000\040\000t\000a\000b\000l\000e\000a\000u\000x}{}% 8
\BOOKMARK [0][]{section*.17}{\376\377\000I\000n\000t\000r\000o\000d\000u\000c\000t\000i\000o\000n\000\040\000g\000\351\000n\000\351\000r\000a\000l\000e}{}% 9
\BOOKMARK [0][]{chapter.1}{\376\377\0001\000\040\000P\000r\000\351\000s\000e\000n\000t\000a\000t\000i\000o\000n\000s\000\040\000g\000\351\000n\000\351\000r\000a\000l\000e\000s}{}% 10
\BOOKMARK [1][]{section*.18}{\376\377\000I\000n\000t\000r\000o\000d\000u\000c\000t\000i\000o\000n}{chapter.1}% 11
\BOOKMARK [1][]{section.1.1}{\376\377\000I\000\040\000P\000r\000\351\000s\000e\000n\000t\000a\000t\000i\000o\000n\000\040\000d\000e\000\040\000l\000a\000\040\000s\000t\000r\000u\000c\000t\000u\000r\000e\000\040\000d\000'\000a\000c\000c\000u\000e\000i\000l}{chapter.1}% 12
\BOOKMARK [2][]{subsection.1.1.1}{\376\377\000I\000.\0001\000\040\000P\000r\000\351\000s\000e\000n\000t\000a\000t\000i\000o\000n\000\040\000d\000e\000\040\000I\000n\000n\000o\000v\0004\000A\000f\000r\000i\000c\000a}{section.1.1}% 13
\BOOKMARK [2][]{subsection.1.1.2}{\376\377\000I\000.\0002\000\040\000D\000o\000m\000a\000i\000n\000e\000s\000\040\000d\000'\000a\000c\000t\000i\000v\000i\000t\000\351\000s}{section.1.1}% 14
\BOOKMARK [1][]{section.1.2}{\376\377\000I\000I\000\040\000P\000r\000\351\000s\000e\000n\000t\000a\000t\000i\000o\000n\000\040\000d\000u\000\040\000s\000u\000j\000e\000t}{chapter.1}% 15
\BOOKMARK [2][]{subsection.1.2.1}{\376\377\000I\000I\000.\0001\000\040\000C\000o\000n\000t\000e\000x\000t\000e}{section.1.2}% 16
\BOOKMARK [2][]{subsection.1.2.2}{\376\377\000I\000I\000.\0002\000\040\000P\000r\000o\000b\000l\000\351\000m\000a\000t\000i\000q\000u\000e}{section.1.2}% 17
\BOOKMARK [2][]{subsection.1.2.3}{\376\377\000I\000I\000.\0003\000\040\000O\000b\000j\000e\000c\000t\000i\000f\000s}{section.1.2}% 18
\BOOKMARK [1][]{section.1.3}{\376\377\000I\000I\000I\000\040\000D\000\351\000m\000a\000r\000c\000h\000e\000\040\000m\000\351\000t\000h\000o\000d\000o\000l\000o\000g\000i\000q\000u\000e}{chapter.1}% 19
\BOOKMARK [2][]{subsection.1.3.1}{\376\377\000I\000I\000I\000.\0001\000\040\000C\000a\000r\000a\000c\000t\000\351\000r\000i\000s\000t\000i\000q\000u\000e\000s\000\040\000d\000u\000\040\000p\000r\000o\000j\000e\000t}{section.1.3}% 20
\BOOKMARK [2][]{subsection.1.3.2}{\376\377\000I\000I\000I\000.\0002\000\040\000M\000\351\000t\000h\000o\000d\000o\000l\000o\000g\000i\000e\000\040\000d\000e\000\040\000t\000r\000a\000v\000a\000i\000l}{section.1.3}% 21
\BOOKMARK [2][]{subsection.1.3.3}{\376\377\000I\000I\000I\000.\0003\000\040\000J\000u\000s\000t\000i\000f\000i\000c\000a\000t\000i\000o\000n\000\040\000d\000e\000\040\000l\000a\000\040\000d\000\351\000m\000a\000r\000c\000h\000e}{section.1.3}% 22
\BOOKMARK [1][]{section*.19}{\376\377\000C\000o\000n\000c\000l\000u\000s\000i\000o\000n}{chapter.1}% 23
\BOOKMARK [0][]{chapter.2}{\376\377\0002\000\040\000A\000n\000a\000l\000y\000s\000e\000\040\000f\000o\000n\000c\000t\000i\000o\000n\000n\000e\000l\000l\000e\000\040\000e\000t\000\040\000n\000o\000n\000\040\000f\000o\000n\000c\000t\000i\000o\000n\000n\000e\000l\000l\000e\000\040\000d\000e\000s\000\040\000b\000e\000s\000o\000i\000n\000s}{}% 24
\BOOKMARK [1][]{section*.20}{\376\377\000I\000n\000t\000r\000o\000d\000u\000c\000t\000i\000o\000n}{chapter.2}% 25
\BOOKMARK [1][]{section.2.1}{\376\377\000I\000\040\000R\000\364\000l\000e\000\040\000d\000u\000\040\000s\000y\000s\000t\000\350\000m\000e\000\040\000e\000t\000\040\000a\000c\000t\000e\000u\000r\000s}{chapter.2}% 26
\BOOKMARK [1][]{section.2.2}{\376\377\000I\000I\000\040\000F\000o\000n\000c\000t\000i\000o\000n\000n\000a\000l\000i\000t\000\351\000s\000\040\000d\000u\000\040\000s\000y\000s\000t\000\350\000m\000e}{chapter.2}% 27
\BOOKMARK [2][]{subsection.2.2.1}{\376\377\000I\000I\000.\0001\000\040\000M\000o\000d\000u\000l\000e\000\040\000R\000e\000l\000a\000t\000i\000o\000n\000\040\000C\000l\000i\000e\000n\000t}{section.2.2}% 28
\BOOKMARK [2][]{subsection.2.2.2}{\376\377\000I\000I\000.\0002\000\040\000M\000o\000d\000u\000l\000e\000\040\000S\000G\000I}{section.2.2}% 29
\BOOKMARK [1][]{section.2.3}{\376\377\000I\000I\000I\000\040\000E\000x\000i\000g\000e\000n\000c\000e\000s\000\040\000n\000o\000n\000\040\000f\000o\000n\000c\000t\000i\000o\000n\000n\000e\000l\000l\000e\000s}{chapter.2}% 30
\BOOKMARK [1][]{section*.25}{\376\377\000C\000o\000n\000c\000l\000u\000s\000i\000o\000n}{chapter.2}% 31
\BOOKMARK [0][]{chapter.3}{\376\377\0003\000\040\000C\000o\000n\000c\000e\000p\000t\000i\000o\000n\000\040\000d\000e\000\040\000l\000a\000\040\000s\000o\000l\000u\000t\000i\000o\000n}{}% 32
\BOOKMARK [1][]{section*.26}{\376\377\000I\000n\000t\000r\000o\000d\000u\000c\000t\000i\000o\000n}{chapter.3}% 33
\BOOKMARK [1][]{section.3.1}{\376\377\000I\000\040\000P\000r\000i\000n\000c\000i\000p\000e\000s\000\040\000d\000e\000\040\000c\000o\000n\000c\000e\000p\000t\000i\000o\000n\000\040\000d\000e\000\040\000l\000'\000a\000r\000c\000h\000i\000t\000e\000c\000t\000u\000r\000e}{chapter.3}% 34
\BOOKMARK [1][]{section.3.2}{\376\377\000I\000I\000\040\000A\000r\000c\000h\000i\000t\000e\000c\000t\000u\000r\000e\000\040\000f\000o\000n\000c\000t\000i\000o\000n\000n\000e\000l\000l\000e\000\040\000d\000e\000\040\000l\000a\000\040\000s\000o\000l\000u\000t\000i\000o\000n}{chapter.3}% 35
\BOOKMARK [2][]{subsection.3.2.1}{\376\377\000I\000I\000.\0001\000\040\000V\000u\000e\000\040\000d\000'\000e\000n\000s\000e\000m\000b\000l\000e}{section.3.2}% 36
\BOOKMARK [2][]{subsection.3.2.2}{\376\377\000I\000I\000.\0002\000\040\000D\000e\000s\000c\000r\000i\000p\000t\000i\000o\000n\000\040\000d\000e\000s\000\040\000b\000l\000o\000c\000s}{section.3.2}% 37
\BOOKMARK [1][]{section.3.3}{\376\377\000I\000I\000I\000\040\000C\000h\000o\000i\000x\000\040\000d\000e\000s\000\040\000o\000u\000t\000i\000l\000s\000\040\000e\000t\000\040\000t\000e\000c\000h\000n\000o\000l\000o\000g\000i\000e\000s}{chapter.3}% 38
\BOOKMARK [1][]{section.3.4}{\376\377\000I\000V\000\040\000A\000r\000c\000h\000i\000t\000e\000c\000t\000u\000r\000e\000\040\000t\000e\000c\000h\000n\000i\000q\000u\000e\000\040\000d\000e\000\040\000l\000a\000\040\000s\000o\000l\000u\000t\000i\000o\000n}{chapter.3}% 39
\BOOKMARK [1][]{section.3.5}{\376\377\000V\000\040\000C\000o\000n\000c\000e\000p\000t\000i\000o\000n\000\040\000d\000\351\000t\000a\000i\000l\000l\000\351\000e}{chapter.3}% 40
\BOOKMARK [2][]{subsection.3.5.1}{\376\377\000V\000.\0001\000\040\000P\000\351\000r\000i\000m\000\350\000t\000r\000e\000\040\000d\000e\000\040\000l\000a\000\040\000f\000o\000n\000c\000t\000i\000o\000n\000n\000a\000l\000i\000t\000\351}{section.3.5}% 41
\BOOKMARK [2][]{subsection.3.5.2}{\376\377\000V\000.\0002\000\040\000W\000o\000r\000k\000f\000l\000o\000w\000\040\000d\000e\000\040\000t\000r\000a\000i\000t\000e\000m\000e\000n\000t}{section.3.5}% 42
\BOOKMARK [2][]{subsection.3.5.3}{\376\377\000V\000.\0003\000\040\000S\000y\000n\000t\000h\000\350\000s\000e\000\040\000d\000e\000s\000\040\000A\000P\000I}{section.3.5}% 43
\BOOKMARK [2][]{subsection.3.5.4}{\376\377\000V\000.\0004\000\040\000V\000u\000e\000\040\000d\000e\000\040\000c\000o\000n\000c\000e\000p\000t\000i\000o\000n\000\040\000d\000e\000\040\000l\000a\000\040\000f\000o\000n\000c\000t\000i\000o\000n\000n\000a\000l\000i\000t\000\351}{section.3.5}% 44
\BOOKMARK [1][]{section.3.6}{\376\377\000V\000I\000\040\000A\000r\000c\000h\000i\000t\000e\000c\000t\000u\000r\000e\000\040\000d\000e\000\040\000d\000\351\000p\000l\000o\000i\000e\000m\000e\000n\000t}{chapter.3}% 45
\BOOKMARK [1][]{section*.34}{\376\377\000C\000o\000n\000c\000l\000u\000s\000i\000o\000n}{chapter.3}% 46
\BOOKMARK [0][]{chapter.4}{\376\377\0004\000\040\000P\000r\000\351\000s\000e\000n\000t\000a\000t\000i\000o\000n\000\040\000d\000e\000s\000\040\000r\000\351\000s\000u\000l\000t\000a\000t\000s\000\040\000e\000t\000\040\000a\000n\000a\000l\000y\000s\000e\000\040\000c\000r\000i\000t\000i\000q\000u\000e}{}% 47
\BOOKMARK [1][]{section*.35}{\376\377\000I\000n\000t\000r\000o\000d\000u\000c\000t\000i\000o\000n}{chapter.4}% 48
\BOOKMARK [1][]{section.4.1}{\376\377\000I\000\040\000R\000\351\000s\000u\000l\000t\000a\000t\000s\000\040\000c\000\364\000t\000\351\000\040\000R\000e\000l\000a\000t\000i\000o\000n\000\040\000C\000l\000i\000e\000n\000t}{chapter.4}% 49
\BOOKMARK [2][]{subsection.4.1.1}{\376\377\000I\000.\0001\000\040\000P\000o\000r\000t\000e\000f\000e\000u\000i\000l\000l\000e\000\040\000c\000l\000i\000e\000n\000t\000s}{section.4.1}% 50
\BOOKMARK [2][]{subsection.4.1.2}{\376\377\000I\000.\0002\000\040\000G\000e\000s\000t\000i\000o\000n\000\040\000d\000e\000s\000\040\000c\000o\000m\000p\000t\000e\000s}{section.4.1}% 51
\BOOKMARK [2][]{subsection.4.1.3}{\376\377\000I\000.\0003\000\040\000A\000g\000e\000n\000t\000\040\000I\000A\000\040\000r\000e\000l\000a\000t\000i\000o\000n\000\040\000c\000l\000i\000e\000n\000t}{section.4.1}% 52
\BOOKMARK [2][]{subsection.4.1.4}{\376\377\000I\000.\0004\000\040\000G\000e\000s\000t\000i\000o\000n\000\040\000d\000e\000s\000\040\000p\000r\000o\000s\000p\000e\000c\000t\000s}{section.4.1}% 53
\BOOKMARK [1][]{section.4.2}{\376\377\000I\000I\000\040\000R\000\351\000s\000u\000l\000t\000a\000t\000s\000\040\000c\000\364\000t\000\351\000\040\000S\000G\000I}{chapter.4}% 54
\BOOKMARK [2][]{subsection.4.2.1}{\376\377\000I\000I\000.\0001\000\040\000T\000a\000b\000l\000e\000a\000u\000\040\000d\000e\000\040\000b\000o\000r\000d\000\040\000S\000G\000I}{section.4.2}% 55
\BOOKMARK [2][]{subsection.4.2.2}{\376\377\000I\000I\000.\0002\000\040\000C\000o\000t\000a\000t\000i\000o\000n\000s\000\040\000B\000R\000V\000M}{section.4.2}% 56
\BOOKMARK [2][]{subsection.4.2.3}{\376\377\000I\000I\000.\0003\000\040\000A\000n\000a\000l\000y\000s\000e\000\040\000e\000t\000\040\000p\000a\000l\000m\000a\000r\000\350\000s\000\040\000d\000e\000s\000\040\000t\000i\000t\000r\000e\000s}{section.4.2}% 57
\BOOKMARK [2][]{subsection.4.2.4}{\376\377\000I\000I\000.\0004\000\040\000L\000i\000s\000t\000e\000\040\000d\000e\000s\000\040\000p\000o\000r\000t\000e\000f\000e\000u\000i\000l\000l\000e\000s}{section.4.2}% 58
\BOOKMARK [1][]{section.4.3}{\376\377\000I\000I\000I\000\040\000S\000y\000n\000t\000h\000\350\000s\000e\000\040\000d\000e\000\040\000l\000a\000\040\000c\000o\000u\000v\000e\000r\000t\000u\000r\000e\000\040\000d\000e\000s\000\040\000o\000b\000j\000e\000c\000t\000i\000f\000s}{chapter.4}% 59
\BOOKMARK [1][]{section.4.4}{\376\377\000I\000V\000\040\000A\000n\000a\000l\000y\000s\000e\000\040\000c\000r\000i\000t\000i\000q\000u\000e\000\040\000d\000e\000\040\000l\000a\000\040\000r\000\351\000a\000l\000i\000s\000a\000t\000i\000o\000n}{chapter.4}% 60
\BOOKMARK [2][]{subsection.4.4.1}{\376\377\000I\000V\000.\0001\000\040\000P\000o\000i\000n\000t\000s\000\040\000f\000o\000r\000t\000s}{section.4.4}% 61
\BOOKMARK [2][]{subsection.4.4.2}{\376\377\000I\000V\000.\0002\000\040\000P\000o\000i\000n\000t\000s\000\040\000f\000a\000i\000b\000l\000e\000s\000\040\000e\000t\000\040\000l\000i\000m\000i\000t\000e\000s}{section.4.4}% 62
\BOOKMARK [2][]{subsection.4.4.3}{\376\377\000I\000V\000.\0003\000\040\000P\000e\000r\000s\000p\000e\000c\000t\000i\000v\000e\000s\000\040\000d\000'\000a\000m\000\351\000l\000i\000o\000r\000a\000t\000i\000o\000n}{section.4.4}% 63
\BOOKMARK [1][]{section*.45}{\376\377\000C\000o\000n\000c\000l\000u\000s\000i\000o\000n}{chapter.4}% 64
\BOOKMARK [0][]{section*.47}{\376\377\000C\000o\000n\000c\000l\000u\000s\000i\000o\000n\000\040\000g\000\351\000n\000\351\000r\000a\000l\000e}{}% 65
\BOOKMARK [0][]{section*.49}{\376\377\000R\000\351\000f\000\351\000r\000e\000n\000c\000e\000s\000\040\000b\000i\000b\000l\000i\000o\000g\000r\000a\000p\000h\000i\000q\000u\000e\000s}{}% 66
